This file contains any messages produced by compilers while
running configure, to aid debugging if configure makes a mistake.

It was created by configure, which was
generated by GNU Autoconf 2.69.  Invocation command line was

  $ ./configure 

## --------- ##
## Platform. ##
## --------- ##

hostname = michael-VirtualBox
uname -m = x86_64
uname -r = 4.15.0-20-generic
uname -s = Linux
uname -v = #21-Ubuntu SMP Tue Apr 24 06:16:15 UTC 2018

/usr/bin/uname -p = unknown
/bin/uname -X     = unknown

/bin/arch              = unknown
/usr/bin/arch -k       = unknown
/usr/convex/getsysinfo = unknown
/usr/bin/hostinfo      = unknown
/bin/machine           = unknown
/usr/bin/oslevel       = unknown
/bin/universe          = unknown

PATH: /home/michael/emsdk/upstream/emscripten/system/bin
PATH: /home/michael/emsdk
PATH: /home/michael/emsdk/upstream/emscripten
PATH: /home/michael/emsdk/node/12.9.1_64bit/bin
PATH: /usr/local/sbin
PATH: /usr/local/bin
PATH: /usr/sbin
PATH: /usr/bin
PATH: /sbin
PATH: /bin
PATH: /usr/games
PATH: /usr/local/games
PATH: /snap/bin
PATH: /home/michael/Developer/wabt/build/


## ----------- ##
## Core tests. ##
## ----------- ##

configure:2245: checking for a BSD-compatible install
configure:2313: result: /usr/bin/install -c
configure:2324: checking whether build environment is sane
configure:2379: result: yes
configure:2417: WARNING: 'missing' script is too old or missing
configure:2530: checking for a thread-safe mkdir -p
configure:2569: result: /bin/mkdir -p
configure:2576: checking for gawk
configure:2592: found /usr/bin/gawk
configure:2603: result: gawk
configure:2614: checking whether make sets $(MAKE)
configure:2636: result: yes
configure:2665: checking whether make supports nested variables
configure:2682: result: yes
configure:2863: checking for gcc
configure:2890: result: /home/michael/emsdk/upstream/emscripten/emcc
configure:3119: checking for C compiler version
configure:3128: /home/michael/emsdk/upstream/emscripten/emcc --version >&5
emcc (Emscripten gcc/clang-like replacement) 1.39.1 (commit 1b1f08f356d3f10d91e50c09dda6d44372ca908c)
Copyright (C) 2014 the Emscripten authors (see AUTHORS.txt)
This is free and open source software under the MIT license.
There is NO warranty; not even for MERCHANTABILITY or FITNESS FOR A PARTICULAR PURPOSE.
  
configure:3139: $? = 0
configure:3128: /home/michael/emsdk/upstream/emscripten/emcc -v >&5
emcc (Emscripten gcc/clang-like replacement + linker emulating GNU ld) 1.39.1
clang version 10.0.0 (/b/s/w/ir/cache/git/chromium.googlesource.com-external-github.com-llvm-llvm--project f919be336583349d883ba0dfdb3b2479a190b67c)
Target: x86_64-unknown-linux-gnu
Thread model: posix
InstalledDir: /home/michael/emsdk/upstream/bin
Found candidate GCC installation: /usr/lib/gcc/x86_64-linux-gnu/7
Found candidate GCC installation: /usr/lib/gcc/x86_64-linux-gnu/7.4.0
Found candidate GCC installation: /usr/lib/gcc/x86_64-linux-gnu/8
Selected GCC installation: /usr/lib/gcc/x86_64-linux-gnu/7.4.0
Candidate multilib: .;@m64
... rest of stderr output deleted ...
configure:3139: $? = 0
configure:3128: /home/michael/emsdk/upstream/emscripten/emcc -V >&5
shared:ERROR: no input files
note that input files without a known suffix are ignored, make sure your input files end with one of: ('.c', '.C', '.i', '.cpp', '.cxx', '.cc', '.c++', '.CPP', '.CXX', '.CC', '.C++', '.ii', '.m', '.mi', '.mm', '.mii', '/dev/null', '.bc', '.o', '.obj', '.lo', '.dylib', '.so', '.a', '.ll', '.h', '.hxx', '.hpp', '.hh', '.H', '.HXX', '.HPP', '.HH')
configure:3139: $? = 1
configure:3128: /home/michael/emsdk/upstream/emscripten/emcc -qversion >&5
shared:ERROR: no input files
note that input files without a known suffix are ignored, make sure your input files end with one of: ('.c', '.C', '.i', '.cpp', '.cxx', '.cc', '.c++', '.CPP', '.CXX', '.CC', '.C++', '.ii', '.m', '.mi', '.mm', '.mii', '/dev/null', '.bc', '.o', '.obj', '.lo', '.dylib', '.so', '.a', '.ll', '.h', '.hxx', '.hpp', '.hh', '.H', '.HXX', '.HPP', '.HH')
configure:3139: $? = 1
configure:3159: checking whether the C compiler works
configure:3181: /home/michael/emsdk/upstream/emscripten/emcc -L../jpeg-6b -L../libxml2-2.9.0/.libs -I../jpeg-6b -I../libxml2-2.9.0 -s USE_ZLIB=1 -s USE_LIBPNG=1   conftest.c  >&5
configure:3185: $? = 0
configure:3233: result: yes
configure:3236: checking for C compiler default output file name
configure:3238: result: a.out
configure:3244: checking for suffix of executables
configure:3251: /home/michael/emsdk/upstream/emscripten/emcc -o conftest -L../jpeg-6b -L../libxml2-2.9.0/.libs -I../jpeg-6b -I../libxml2-2.9.0 -s USE_ZLIB=1 -s USE_LIBPNG=1   conftest.c  >&5
configure:3255: $? = 0
configure:3277: result: 
configure:3299: checking whether we are cross compiling
configure:3307: /home/michael/emsdk/upstream/emscripten/emcc -o conftest -L../jpeg-6b -L../libxml2-2.9.0/.libs -I../jpeg-6b -I../libxml2-2.9.0 -s USE_ZLIB=1 -s USE_LIBPNG=1   conftest.c  >&5
configure:3311: $? = 0
configure:3318: ./conftest
configure:3322: $? = 0
configure:3337: result: no
configure:3342: checking for suffix of object files
configure:3364: /home/michael/emsdk/upstream/emscripten/emcc -c -L../jpeg-6b -L../libxml2-2.9.0/.libs -I../jpeg-6b -I../libxml2-2.9.0 -s USE_ZLIB=1 -s USE_LIBPNG=1  conftest.c >&5
configure:3368: $? = 0
configure:3389: result: o
configure:3393: checking whether we are using the GNU C compiler
configure:3412: /home/michael/emsdk/upstream/emscripten/emcc -c -L../jpeg-6b -L../libxml2-2.9.0/.libs -I../jpeg-6b -I../libxml2-2.9.0 -s USE_ZLIB=1 -s USE_LIBPNG=1  conftest.c >&5
configure:3412: $? = 0
configure:3421: result: yes
configure:3430: checking whether /home/michael/emsdk/upstream/emscripten/emcc accepts -g
configure:3450: /home/michael/emsdk/upstream/emscripten/emcc -c -g  conftest.c >&5
configure:3450: $? = 0
configure:3491: result: yes
configure:3508: checking for /home/michael/emsdk/upstream/emscripten/emcc option to accept ISO C89
configure:3571: /home/michael/emsdk/upstream/emscripten/emcc  -c -L../jpeg-6b -L../libxml2-2.9.0/.libs -I../jpeg-6b -I../libxml2-2.9.0 -s USE_ZLIB=1 -s USE_LIBPNG=1  conftest.c >&5
configure:3571: $? = 0
configure:3584: result: none needed
configure:3609: checking whether /home/michael/emsdk/upstream/emscripten/emcc understands -c and -o together
configure:3631: /home/michael/emsdk/upstream/emscripten/emcc -c conftest.c -o conftest2.o
configure:3634: $? = 0
configure:3631: /home/michael/emsdk/upstream/emscripten/emcc -c conftest.c -o conftest2.o
configure:3634: $? = 0
configure:3646: result: yes
configure:3674: checking for style of include used by make
configure:3702: result: GNU
configure:3728: checking dependency style of /home/michael/emsdk/upstream/emscripten/emcc
configure:3839: result: none
configure:3858: checking whether make sets $(MAKE)
configure:3880: result: yes
configure:3949: checking build system type
configure:3963: result: x86_64-unknown-linux-gnu
configure:3983: checking host system type
configure:3996: result: x86_64-unknown-linux-gnu
configure:4037: checking how to print strings
configure:4064: result: printf
configure:4085: checking for a sed that does not truncate output
configure:4149: result: /bin/sed
configure:4167: checking for grep that handles long lines and -e
configure:4225: result: /bin/grep
configure:4230: checking for egrep
configure:4292: result: /bin/grep -E
configure:4297: checking for fgrep
configure:4359: result: /bin/grep -F
configure:4394: checking for ld used by /home/michael/emsdk/upstream/emscripten/emcc
shared:ERROR: no input files
note that input files without a known suffix are ignored, make sure your input files end with one of: ('.c', '.C', '.i', '.cpp', '.cxx', '.cc', '.c++', '.CPP', '.CXX', '.CC', '.C++', '.ii', '.m', '.mi', '.mm', '.mii', '/dev/null', '.bc', '.o', '.obj', '.lo', '.dylib', '.so', '.a', '.ll', '.h', '.hxx', '.hpp', '.hh', '.H', '.HXX', '.HPP', '.HH')
configure:4461: result: /home/michael/emsdk/upstream/emscripten/emcc
configure:4468: checking if the linker (/home/michael/emsdk/upstream/emscripten/emcc) is GNU ld
configure:4483: result: yes
configure:4495: checking for BSD- or MS-compatible name lister (nm)
configure:4549: result: /home/michael/emsdk/upstream/bin/llvm-nm
configure:4679: checking the name lister (/home/michael/emsdk/upstream/bin/llvm-nm) interface
configure:4686: /home/michael/emsdk/upstream/emscripten/emcc -c -L../jpeg-6b -L../libxml2-2.9.0/.libs -I../jpeg-6b -I../libxml2-2.9.0 -s USE_ZLIB=1 -s USE_LIBPNG=1  conftest.c >&5
configure:4689: /home/michael/emsdk/upstream/bin/llvm-nm "conftest.o"
configure:4692: output
00000000 D some_variable
configure:4699: result: BSD nm
configure:4702: checking whether ln -s works
configure:4706: result: yes
configure:4714: checking the maximum length of command line arguments
configure:4845: result: 1572864
configure:4893: checking how to convert x86_64-unknown-linux-gnu file names to x86_64-unknown-linux-gnu format
configure:4933: result: func_convert_file_noop
configure:4940: checking how to convert x86_64-unknown-linux-gnu file names to toolchain format
configure:4960: result: func_convert_file_noop
configure:4967: checking for /home/michael/emsdk/upstream/emscripten/emcc option to reload object files
configure:4974: result: -r
configure:5048: checking for objdump
configure:5064: found /usr/bin/objdump
configure:5075: result: objdump
configure:5107: checking how to recognize dependent libraries
configure:5307: result: pass_all
configure:5392: checking for dlltool
configure:5422: result: no
configure:5452: checking how to associate runtime and link libraries
configure:5479: result: printf %s\n
configure:5604: checking for archiver @FILE support
configure:5621: /home/michael/emsdk/upstream/emscripten/emcc -c -L../jpeg-6b -L../libxml2-2.9.0/.libs -I../jpeg-6b -I../libxml2-2.9.0 -s USE_ZLIB=1 -s USE_LIBPNG=1  conftest.c >&5
configure:5621: $? = 0
configure:5624: /home/michael/emsdk/upstream/emscripten/emar cru libconftest.a @conftest.lst >&5
configure:5627: $? = 0
configure:5632: /home/michael/emsdk/upstream/emscripten/emar cru libconftest.a @conftest.lst >&5
/home/michael/emsdk/upstream/bin/llvm-ar: error: conftest.o: No such file or directory

OVERVIEW: LLVM Archiver

USAGE: llvm-ar [options] [-]<operation>[modifiers] [relpos] [count] <archive> [files]
       llvm-ar -M [<mri-script]

OPTIONS:
  --format              - archive format to create
    =default            -   default
    =gnu                -   gnu
    =darwin             -   darwin
    =bsd                -   bsd
  --plugin=<string>     - ignored for compatibility
  -h --help             - display this help and exit
  --version             - print the version and exit
  @<file>               - read options from <file>

OPERATIONS:
  d - delete [files] from the archive
  m - move [files] in the archive
  p - print [files] found in the archive
  q - quick append [files] to the archive
  r - replace or insert [files] into the archive
  s - act as ranlib
  t - display contents of archive
  x - extract [files] from the archive

MODIFIERS:
  [a] - put [files] after [relpos]
  [b] - put [files] before [relpos] (same as [i])
  [c] - do not warn if archive had to be created
  [D] - use zero for timestamps and uids/gids (default)
  [h] - display this help and exit
  [i] - put [files] before [relpos] (same as [b])
  [l] - ignored for compatibility
  [L] - add archive's contents
  [N] - use instance [count] of name
  [o] - preserve original dates
  [O] - display member offsets
  [P] - use full names when matching (implied for thin archives)
  [s] - create an archive index (cf. ranlib)
  [S] - do not build a symbol table
  [T] - create a thin archive
  [u] - update only [files] newer than archive contents
  [U] - use actual timestamps and uids/gids
  [v] - be verbose about actions taken
  [V] - display the version and exit
configure:5635: $? = 1
configure:5647: result: @
configure:5705: checking for strip
configure:5721: found /usr/bin/strip
configure:5732: result: strip
configure:5804: checking for ranlib
configure:5831: result: /home/michael/emsdk/upstream/emscripten/emranlib
configure:5933: checking command to parse /home/michael/emsdk/upstream/bin/llvm-nm output from /home/michael/emsdk/upstream/emscripten/emcc object
configure:6086: /home/michael/emsdk/upstream/emscripten/emcc -c -L../jpeg-6b -L../libxml2-2.9.0/.libs -I../jpeg-6b -I../libxml2-2.9.0 -s USE_ZLIB=1 -s USE_LIBPNG=1  conftest.c >&5
configure:6089: $? = 0
configure:6093: /home/michael/emsdk/upstream/bin/llvm-nm conftest.o \| sed -n -e 's/^.*[ ]\([BCDEGRST][BCDEGRST]*\)[ ][ ]*\([_A-Za-z][_A-Za-z0-9]*\)$/\1 \2 \2/p' | sed '/ __gnu_lto/d' \> conftest.nm
configure:6096: $? = 0
configure:6162: /home/michael/emsdk/upstream/emscripten/emcc -o conftest -L../jpeg-6b -L../libxml2-2.9.0/.libs -I../jpeg-6b -I../libxml2-2.9.0 -s USE_ZLIB=1 -s USE_LIBPNG=1   conftest.c conftstm.o >&5
configure:6165: $? = 0
configure:6203: result: ok
configure:6250: checking for sysroot
configure:6280: result: no
configure:6287: checking for a working dd
configure:6325: result: /bin/dd
configure:6329: checking how to truncate binary pipes
configure:6344: result: /bin/dd bs=4096 count=1
configure:6480: /home/michael/emsdk/upstream/emscripten/emcc -c -L../jpeg-6b -L../libxml2-2.9.0/.libs -I../jpeg-6b -I../libxml2-2.9.0 -s USE_ZLIB=1 -s USE_LIBPNG=1  conftest.c >&5
configure:6483: $? = 0
configure:6673: checking for mt
configure:6689: found /bin/mt
configure:6700: result: mt
configure:6723: checking if mt is a manifest tool
configure:6729: mt '-?'
configure:6737: result: no
configure:7414: checking how to run the C preprocessor
configure:7445: /home/michael/emsdk/upstream/emscripten/emcc -E  conftest.c
configure:7445: $? = 0
configure:7459: /home/michael/emsdk/upstream/emscripten/emcc -E  conftest.c
conftest.c:11:10: fatal error: 'ac_nonexistent.h' file not found
#include <ac_nonexistent.h>
         ^~~~~~~~~~~~~~~~~~
1 error generated.
configure:7459: $? = 1
configure: failed program was:
| /* confdefs.h */
| #define PACKAGE_NAME ""
| #define PACKAGE_TARNAME ""
| #define PACKAGE_VERSION ""
| #define PACKAGE_STRING ""
| #define PACKAGE_BUGREPORT ""
| #define PACKAGE_URL ""
| #define PACKAGE "flam3"
| #define VERSION "3.1.1"
| /* end confdefs.h.  */
| #include <ac_nonexistent.h>
configure:7484: result: /home/michael/emsdk/upstream/emscripten/emcc -E
configure:7504: /home/michael/emsdk/upstream/emscripten/emcc -E  conftest.c
configure:7504: $? = 0
configure:7518: /home/michael/emsdk/upstream/emscripten/emcc -E  conftest.c
conftest.c:11:10: fatal error: 'ac_nonexistent.h' file not found
#include <ac_nonexistent.h>
         ^~~~~~~~~~~~~~~~~~
1 error generated.
configure:7518: $? = 1
configure: failed program was:
| /* confdefs.h */
| #define PACKAGE_NAME ""
| #define PACKAGE_TARNAME ""
| #define PACKAGE_VERSION ""
| #define PACKAGE_STRING ""
| #define PACKAGE_BUGREPORT ""
| #define PACKAGE_URL ""
| #define PACKAGE "flam3"
| #define VERSION "3.1.1"
| /* end confdefs.h.  */
| #include <ac_nonexistent.h>
configure:7547: checking for ANSI C header files
configure:7567: /home/michael/emsdk/upstream/emscripten/emcc -c -L../jpeg-6b -L../libxml2-2.9.0/.libs -I../jpeg-6b -I../libxml2-2.9.0 -s USE_ZLIB=1 -s USE_LIBPNG=1  conftest.c >&5
configure:7567: $? = 0
configure:7640: /home/michael/emsdk/upstream/emscripten/emcc -o conftest -L../jpeg-6b -L../libxml2-2.9.0/.libs -I../jpeg-6b -I../libxml2-2.9.0 -s USE_ZLIB=1 -s USE_LIBPNG=1   conftest.c  >&5
configure:7640: $? = 0
configure:7640: ./conftest
configure:7640: $? = 0
configure:7651: result: yes
configure:7664: checking for sys/types.h
configure:7664: /home/michael/emsdk/upstream/emscripten/emcc -c -L../jpeg-6b -L../libxml2-2.9.0/.libs -I../jpeg-6b -I../libxml2-2.9.0 -s USE_ZLIB=1 -s USE_LIBPNG=1  conftest.c >&5
configure:7664: $? = 0
configure:7664: result: yes
configure:7664: checking for sys/stat.h
configure:7664: /home/michael/emsdk/upstream/emscripten/emcc -c -L../jpeg-6b -L../libxml2-2.9.0/.libs -I../jpeg-6b -I../libxml2-2.9.0 -s USE_ZLIB=1 -s USE_LIBPNG=1  conftest.c >&5
configure:7664: $? = 0
configure:7664: result: yes
configure:7664: checking for stdlib.h
configure:7664: /home/michael/emsdk/upstream/emscripten/emcc -c -L../jpeg-6b -L../libxml2-2.9.0/.libs -I../jpeg-6b -I../libxml2-2.9.0 -s USE_ZLIB=1 -s USE_LIBPNG=1  conftest.c >&5
configure:7664: $? = 0
configure:7664: result: yes
configure:7664: checking for string.h
configure:7664: /home/michael/emsdk/upstream/emscripten/emcc -c -L../jpeg-6b -L../libxml2-2.9.0/.libs -I../jpeg-6b -I../libxml2-2.9.0 -s USE_ZLIB=1 -s USE_LIBPNG=1  conftest.c >&5
configure:7664: $? = 0
configure:7664: result: yes
configure:7664: checking for memory.h
configure:7664: /home/michael/emsdk/upstream/emscripten/emcc -c -L../jpeg-6b -L../libxml2-2.9.0/.libs -I../jpeg-6b -I../libxml2-2.9.0 -s USE_ZLIB=1 -s USE_LIBPNG=1  conftest.c >&5
configure:7664: $? = 0
configure:7664: result: yes
configure:7664: checking for strings.h
configure:7664: /home/michael/emsdk/upstream/emscripten/emcc -c -L../jpeg-6b -L../libxml2-2.9.0/.libs -I../jpeg-6b -I../libxml2-2.9.0 -s USE_ZLIB=1 -s USE_LIBPNG=1  conftest.c >&5
configure:7664: $? = 0
configure:7664: result: yes
configure:7664: checking for inttypes.h
configure:7664: /home/michael/emsdk/upstream/emscripten/emcc -c -L../jpeg-6b -L../libxml2-2.9.0/.libs -I../jpeg-6b -I../libxml2-2.9.0 -s USE_ZLIB=1 -s USE_LIBPNG=1  conftest.c >&5
configure:7664: $? = 0
configure:7664: result: yes
configure:7664: checking for stdint.h
configure:7664: /home/michael/emsdk/upstream/emscripten/emcc -c -L../jpeg-6b -L../libxml2-2.9.0/.libs -I../jpeg-6b -I../libxml2-2.9.0 -s USE_ZLIB=1 -s USE_LIBPNG=1  conftest.c >&5
configure:7664: $? = 0
configure:7664: result: yes
configure:7664: checking for unistd.h
configure:7664: /home/michael/emsdk/upstream/emscripten/emcc -c -L../jpeg-6b -L../libxml2-2.9.0/.libs -I../jpeg-6b -I../libxml2-2.9.0 -s USE_ZLIB=1 -s USE_LIBPNG=1  conftest.c >&5
configure:7664: $? = 0
configure:7664: result: yes
configure:7678: checking for dlfcn.h
configure:7678: /home/michael/emsdk/upstream/emscripten/emcc -c -L../jpeg-6b -L../libxml2-2.9.0/.libs -I../jpeg-6b -I../libxml2-2.9.0 -s USE_ZLIB=1 -s USE_LIBPNG=1  conftest.c >&5
configure:7678: $? = 0
configure:7678: result: yes
configure:7904: checking for objdir
configure:7919: result: .libs
configure:8183: checking if /home/michael/emsdk/upstream/emscripten/emcc supports -fno-rtti -fno-exceptions
configure:8201: /home/michael/emsdk/upstream/emscripten/emcc -c -L../jpeg-6b -L../libxml2-2.9.0/.libs -I../jpeg-6b -I../libxml2-2.9.0 -s USE_ZLIB=1 -s USE_LIBPNG=1  -fno-rtti -fno-exceptions conftest.c >&5
configure:8205: $? = 0
configure:8218: result: yes
configure:8576: checking for /home/michael/emsdk/upstream/emscripten/emcc option to produce PIC
configure:8583: result: -fPIC -DPIC
configure:8591: checking if /home/michael/emsdk/upstream/emscripten/emcc PIC flag -fPIC -DPIC works
configure:8609: /home/michael/emsdk/upstream/emscripten/emcc -c -L../jpeg-6b -L../libxml2-2.9.0/.libs -I../jpeg-6b -I../libxml2-2.9.0 -s USE_ZLIB=1 -s USE_LIBPNG=1  -fPIC -DPIC -DPIC conftest.c >&5
shared:WARNING: ignoring -fPIC flag when not building with SIDE_MODULE or MAIN_MODULE
configure:8613: $? = 0
configure:8626: result: no
configure:8655: checking if /home/michael/emsdk/upstream/emscripten/emcc static flag -static works
configure:8683: result: yes
configure:8698: checking if /home/michael/emsdk/upstream/emscripten/emcc supports -c -o file.o
configure:8719: /home/michael/emsdk/upstream/emscripten/emcc -c -L../jpeg-6b -L../libxml2-2.9.0/.libs -I../jpeg-6b -I../libxml2-2.9.0 -s USE_ZLIB=1 -s USE_LIBPNG=1  -o out/conftest2.o conftest.c >&5
configure:8723: $? = 0
configure:8745: result: yes
configure:8753: checking if /home/michael/emsdk/upstream/emscripten/emcc supports -c -o file.o
configure:8800: result: yes
configure:8833: checking whether the /home/michael/emsdk/upstream/emscripten/emcc linker (/home/michael/emsdk/upstream/emscripten/emcc) supports shared libraries
configure:10096: result: yes
configure:10336: checking dynamic linker characteristics
configure:10917: /home/michael/emsdk/upstream/emscripten/emcc -o conftest -L../jpeg-6b -L../libxml2-2.9.0/.libs -I../jpeg-6b -I../libxml2-2.9.0 -s USE_ZLIB=1 -s USE_LIBPNG=1   -Wl,-rpath -Wl,/foo conftest.c  >&5
shared:WARNING: ignoring unsupported linker flag: `-rpath`
shared:WARNING: ignoring unsupported linker flag: `/foo`
configure:10917: $? = 0
configure:11166: result: GNU/Linux ld.so
configure:11288: checking how to hardcode library paths into programs
configure:11313: result: immediate
configure:11861: checking whether stripping libraries is possible
configure:11866: result: yes
configure:11901: checking if libtool supports shared libraries
configure:11903: result: yes
configure:11906: checking whether to build shared libraries
configure:11931: result: no
configure:11934: checking whether to build static libraries
configure:11938: result: yes
configure:11975: checking for ANSI C header files
configure:12079: result: yes
configure:12087: checking for an ANSI C-conforming const
configure:12153: /home/michael/emsdk/upstream/emscripten/emcc -c -L../jpeg-6b -L../libxml2-2.9.0/.libs -I../jpeg-6b -I../libxml2-2.9.0 -s USE_ZLIB=1 -s USE_LIBPNG=1  conftest.c >&5
configure:12153: $? = 0
configure:12160: result: yes
configure:12168: checking for size_t
configure:12168: /home/michael/emsdk/upstream/emscripten/emcc -c -L../jpeg-6b -L../libxml2-2.9.0/.libs -I../jpeg-6b -I../libxml2-2.9.0 -s USE_ZLIB=1 -s USE_LIBPNG=1  conftest.c >&5
configure:12168: $? = 0
configure:12168: /home/michael/emsdk/upstream/emscripten/emcc -c -L../jpeg-6b -L../libxml2-2.9.0/.libs -I../jpeg-6b -I../libxml2-2.9.0 -s USE_ZLIB=1 -s USE_LIBPNG=1  conftest.c >&5
conftest.c:60:21: error: expected expression
if (sizeof ((size_t)))
                    ^
1 error generated.
shared:ERROR: '/home/michael/emsdk/upstream/bin/clang -target wasm32-unknown-emscripten -D__EMSCRIPTEN_major__=1 -D__EMSCRIPTEN_minor__=39 -D__EMSCRIPTEN_tiny__=1 -D_LIBCPP_ABI_VERSION=2 -Dunix -D__unix -D__unix__ -Werror=implicit-function-declaration -Xclang -nostdsysteminc -Xclang -isystem/home/michael/emsdk/upstream/emscripten/system/include/libcxx -Xclang -isystem/home/michael/emsdk/upstream/emscripten/system/lib/libcxxabi/include -Xclang -isystem/home/michael/emsdk/upstream/emscripten/system/include/compat -Xclang -isystem/home/michael/emsdk/upstream/emscripten/system/include -Xclang -isystem/home/michael/emsdk/upstream/emscripten/system/include/libc -Xclang -isystem/home/michael/emsdk/upstream/emscripten/system/lib/libc/musl/arch/emscripten -Xclang -isystem/home/michael/emsdk/upstream/emscripten/system/local/include -c -I../jpeg-6b -I../libxml2-2.9.0 -DEMSCRIPTEN conftest.c -Xclang -isystem/home/michael/.emscripten_cache/wasm-obj/ports-builds/zlib -Xclang -isystem/home/michael/.emscripten_cache/wasm-obj/ports-builds/libpng -Xclang -isystem/home/michael/emsdk/upstream/emscripten/system/include/SDL -c -o conftest.o -mllvm -combiner-global-alias-analysis=false -mllvm -enable-emscripten-sjlj -mllvm -disable-lsr' failed (1)
configure:12168: $? = 1
configure: failed program was:
| /* confdefs.h */
| #define PACKAGE_NAME ""
| #define PACKAGE_TARNAME ""
| #define PACKAGE_VERSION ""
| #define PACKAGE_STRING ""
| #define PACKAGE_BUGREPORT ""
| #define PACKAGE_URL ""
| #define PACKAGE "flam3"
| #define VERSION "3.1.1"
| #define STDC_HEADERS 1
| #define HAVE_SYS_TYPES_H 1
| #define HAVE_SYS_STAT_H 1
| #define HAVE_STDLIB_H 1
| #define HAVE_STRING_H 1
| #define HAVE_MEMORY_H 1
| #define HAVE_STRINGS_H 1
| #define HAVE_INTTYPES_H 1
| #define HAVE_STDINT_H 1
| #define HAVE_UNISTD_H 1
| #define HAVE_DLFCN_H 1
| #define LT_OBJDIR ".libs/"
| #define STDC_HEADERS 1
| /* end confdefs.h.  */
| #include <stdio.h>
| #ifdef HAVE_SYS_TYPES_H
| # include <sys/types.h>
| #endif
| #ifdef HAVE_SYS_STAT_H
| # include <sys/stat.h>
| #endif
| #ifdef STDC_HEADERS
| # include <stdlib.h>
| # include <stddef.h>
| #else
| # ifdef HAVE_STDLIB_H
| #  include <stdlib.h>
| # endif
| #endif
| #ifdef HAVE_STRING_H
| # if !defined STDC_HEADERS && defined HAVE_MEMORY_H
| #  include <memory.h>
| # endif
| # include <string.h>
| #endif
| #ifdef HAVE_STRINGS_H
| # include <strings.h>
| #endif
| #ifdef HAVE_INTTYPES_H
| # include <inttypes.h>
| #endif
| #ifdef HAVE_STDINT_H
| # include <stdint.h>
| #endif
| #ifdef HAVE_UNISTD_H
| # include <unistd.h>
| #endif
| int
| main ()
| {
| if (sizeof ((size_t)))
| 	    return 0;
|   ;
|   return 0;
| }
configure:12168: result: yes
configure:12179: checking whether time.h and sys/time.h may both be included
configure:12199: /home/michael/emsdk/upstream/emscripten/emcc -c -L../jpeg-6b -L../libxml2-2.9.0/.libs -I../jpeg-6b -I../libxml2-2.9.0 -s USE_ZLIB=1 -s USE_LIBPNG=1  conftest.c >&5
configure:12199: $? = 0
configure:12206: result: yes
configure:12214: checking for deflateInit_ in -lz
configure:12239: /home/michael/emsdk/upstream/emscripten/emcc -o conftest -L../jpeg-6b -L../libxml2-2.9.0/.libs -I../jpeg-6b -I../libxml2-2.9.0 -s USE_ZLIB=1 -s USE_LIBPNG=1   conftest.c -lz   >&5
wasm-ld: warning: function signature mismatch: deflateInit_
>>> defined as () -> i32 in /tmp/emscripten_temp_ZMbXRm/conftest_0.o
>>> defined as (i32, i32, i32, i32) -> i32 in /home/michael/.emscripten_cache/wasm-obj/libz.a(deflate_9f3c5b40.c.o)
configure:12239: $? = 0
configure:12248: result: yes
configure:12261: checking for png_write_image in -lpng
configure:12286: /home/michael/emsdk/upstream/emscripten/emcc -o conftest -L../jpeg-6b -L../libxml2-2.9.0/.libs -I../jpeg-6b -I../libxml2-2.9.0 -s USE_ZLIB=1 -s USE_LIBPNG=1   conftest.c -lpng  -lz  >&5
wasm-ld: warning: function signature mismatch: png_write_image
>>> defined as () -> i32 in /tmp/emscripten_temp_5B5TKg/conftest_0.o
>>> defined as (i32, i32) -> void in /home/michael/.emscripten_cache/wasm-obj/libpng.a(pngwrite_f66abfb0.c.o)
configure:12286: $? = 0
configure:12295: result: yes
configure:12308: checking for xmlParseFile in -lxml2
configure:12333: /home/michael/emsdk/upstream/emscripten/emcc -o conftest -L../jpeg-6b -L../libxml2-2.9.0/.libs -I../jpeg-6b -I../libxml2-2.9.0 -s USE_ZLIB=1 -s USE_LIBPNG=1   conftest.c -lxml2  -lpng -lz  >&5
wasm-ld: warning: function signature mismatch: xmlParseFile
>>> defined as () -> i32 in /tmp/emscripten_temp_3B65I3/conftest_0.o
>>> defined as (i32) -> i32 in ../libxml2-2.9.0/.libs/libxml2.a(parser_9d3f4b37.o)
configure:12333: $? = 0
configure:12342: result: yes
configure:12363: checking whether /home/michael/emsdk/upstream/emscripten/emcc knows 32-bit __sync_bool_compare_and_swap()
configure:12378: result: yes
configure:12385: checking whether /home/michael/emsdk/upstream/emscripten/emcc knows 64-bit __sync_bool_compare_and_swap()
configure:12399: result: yes
configure:12412: checking for pthread_create in -lpthread
configure:12437: /home/michael/emsdk/upstream/emscripten/emcc -o conftest -L../jpeg-6b -L../libxml2-2.9.0/.libs -I../jpeg-6b -I../libxml2-2.9.0 -s USE_ZLIB=1 -s USE_LIBPNG=1   conftest.c -lpthread  -lxml2 -lpng -lz  >&5
configure:12437: $? = 0
configure:12446: result: yes
configure:12461: checking for jpeg_start_compress in -ljpeg
configure:12486: /home/michael/emsdk/upstream/emscripten/emcc -o conftest -L../jpeg-6b -L../libxml2-2.9.0/.libs -I../jpeg-6b -I../libxml2-2.9.0 -s USE_ZLIB=1 -s USE_LIBPNG=1   conftest.c -ljpeg  -lpthread -lxml2 -lpng -lz  >&5
wasm-ld: warning: function signature mismatch: jpeg_start_compress
>>> defined as () -> i32 in /tmp/emscripten_temp_IHFSH9/conftest_0.o
>>> defined as (i32, i32) -> void in ../jpeg-6b/libjpeg.a(jcapistd.o)
configure:12486: $? = 0
configure:12495: result: yes
configure:12510: checking for xml2-config
configure:12529: found /usr/local/bin/xml2-config
configure:12542: result: /usr/local/bin/xml2-config
configure:12666: checking that generated files are newer than configure
configure:12672: result: done
configure:12695: creating ./config.status

## ---------------------- ##
## Running config.status. ##
## ---------------------- ##

This file was extended by config.status, which was
generated by GNU Autoconf 2.69.  Invocation command line was

  CONFIG_FILES    = 
  CONFIG_HEADERS  = 
  CONFIG_LINKS    = 
  CONFIG_COMMANDS = 
  $ ./config.status 

on michael-VirtualBox

config.status:1095: creating Makefile
config.status:1095: creating flam3.pc
config.status:1095: creating config.h
config.status:1276: config.h is unchanged
config.status:1324: executing depfiles commands
config.status:1324: executing libtool commands

## ---------------- ##
## Cache variables. ##
## ---------------- ##

ac_cv_build=x86_64-unknown-linux-gnu
ac_cv_c_compiler_gnu=yes
ac_cv_c_const=yes
ac_cv_env_CC_set=set
ac_cv_env_CC_value=/home/michael/emsdk/upstream/emscripten/emcc
ac_cv_env_CFLAGS_set=set
ac_cv_env_CFLAGS_value='-L../jpeg-6b -L../libxml2-2.9.0/.libs -I../jpeg-6b -I../libxml2-2.9.0 -s USE_ZLIB=1 -s USE_LIBPNG=1'
ac_cv_env_CPPFLAGS_set=
ac_cv_env_CPPFLAGS_value=
ac_cv_env_CPP_set=
ac_cv_env_CPP_value=
ac_cv_env_LDFLAGS_set=
ac_cv_env_LDFLAGS_value=
ac_cv_env_LIBS_set=
ac_cv_env_LIBS_value=
ac_cv_env_LT_SYS_LIBRARY_PATH_set=
ac_cv_env_LT_SYS_LIBRARY_PATH_value=
ac_cv_env_build_alias_set=
ac_cv_env_build_alias_value=
ac_cv_env_host_alias_set=
ac_cv_env_host_alias_value=
ac_cv_env_target_alias_set=
ac_cv_env_target_alias_value=
ac_cv_header_dlfcn_h=yes
ac_cv_header_inttypes_h=yes
ac_cv_header_memory_h=yes
ac_cv_header_stdc=yes
ac_cv_header_stdint_h=yes
ac_cv_header_stdlib_h=yes
ac_cv_header_string_h=yes
ac_cv_header_strings_h=yes
ac_cv_header_sys_stat_h=yes
ac_cv_header_sys_types_h=yes
ac_cv_header_time=yes
ac_cv_header_unistd_h=yes
ac_cv_host=x86_64-unknown-linux-gnu
ac_cv_lib_jpeg_jpeg_start_compress=yes
ac_cv_lib_png_png_write_image=yes
ac_cv_lib_pthread_pthread_create=yes
ac_cv_lib_xml2_xmlParseFile=yes
ac_cv_lib_z_deflateInit_=yes
ac_cv_objext=o
ac_cv_path_EGREP='/bin/grep -E'
ac_cv_path_FGREP='/bin/grep -F'
ac_cv_path_GREP=/bin/grep
ac_cv_path_SED=/bin/sed
ac_cv_path_XML2_CONFIG=/usr/local/bin/xml2-config
ac_cv_path_install='/usr/bin/install -c'
ac_cv_path_lt_DD=/bin/dd
ac_cv_path_mkdir=/bin/mkdir
ac_cv_prog_AWK=gawk
ac_cv_prog_CPP='/home/michael/emsdk/upstream/emscripten/emcc -E'
ac_cv_prog_ac_ct_CC=/home/michael/emsdk/upstream/emscripten/emcc
ac_cv_prog_ac_ct_MANIFEST_TOOL=mt
ac_cv_prog_ac_ct_OBJDUMP=objdump
ac_cv_prog_ac_ct_RANLIB=/home/michael/emsdk/upstream/emscripten/emranlib
ac_cv_prog_ac_ct_STRIP=strip
ac_cv_prog_cc_c89=
ac_cv_prog_cc_g=yes
ac_cv_prog_make_make_set=yes
ac_cv_type_size_t=yes
am_cv_CC_dependencies_compiler_type=none
am_cv_make_support_nested_variables=yes
am_cv_prog_cc_c_o=yes
lt_cv_ar_at_file=@
lt_cv_deplibs_check_method=pass_all
lt_cv_file_magic_cmd='$MAGIC_CMD'
lt_cv_file_magic_test_file=
lt_cv_ld_reload_flag=-r
lt_cv_nm_interface='BSD nm'
lt_cv_objdir=.libs
lt_cv_path_LD=/home/michael/emsdk/upstream/emscripten/emcc
lt_cv_path_NM=/home/michael/emsdk/upstream/bin/llvm-nm
lt_cv_path_mainfest_tool=no
lt_cv_prog_compiler_c_o=yes
lt_cv_prog_compiler_pic='-fPIC -DPIC'
lt_cv_prog_compiler_pic_works=no
lt_cv_prog_compiler_rtti_exceptions=yes
lt_cv_prog_compiler_static_works=yes
lt_cv_prog_gnu_ld=yes
lt_cv_sharedlib_from_linklib_cmd='printf %s\n'
lt_cv_shlibpath_overrides_runpath=no
lt_cv_sys_global_symbol_pipe='sed -n -e '\''s/^.*[	 ]\([BCDEGRST][BCDEGRST]*\)[	 ][	 ]*\([_A-Za-z][_A-Za-z0-9]*\)$/\1 \2 \2/p'\'' | sed '\''/ __gnu_lto/d'\'''
lt_cv_sys_global_symbol_to_c_name_address='sed -n -e '\''s/^: \(.*\) .*$/  {"\1", (void *) 0},/p'\'' -e '\''s/^[BCDEGRST][BCDEGRST]* .* \(.*\)$/  {"\1", (void *) \&\1},/p'\'''
lt_cv_sys_global_symbol_to_c_name_address_lib_prefix='sed -n -e '\''s/^: \(.*\) .*$/  {"\1", (void *) 0},/p'\'' -e '\''s/^[BCDEGRST][BCDEGRST]* .* \(lib.*\)$/  {"\1", (void *) \&\1},/p'\'' -e '\''s/^[BCDEGRST][BCDEGRST]* .* \(.*\)$/  {"lib\1", (void *) \&\1},/p'\'''
lt_cv_sys_global_symbol_to_cdecl='sed -n -e '\''s/^T .* \(.*\)$/extern int \1();/p'\'' -e '\''s/^[BCDEGRST][BCDEGRST]* .* \(.*\)$/extern char \1;/p'\'''
lt_cv_sys_global_symbol_to_import=
lt_cv_sys_max_cmd_len=1572864
lt_cv_to_host_file_cmd=func_convert_file_noop
lt_cv_to_tool_file_cmd=func_convert_file_noop
lt_cv_truncate_bin='/bin/dd bs=4096 count=1'

## ----------------- ##
## Output variables. ##
## ----------------- ##

ACLOCAL='aclocal-1.15'
AMDEPBACKSLASH='\'
AMDEP_FALSE='#'
AMDEP_TRUE=''
AMTAR='$${TAR-tar}'
AM_BACKSLASH='\'
AM_DEFAULT_V='$(AM_DEFAULT_VERBOSITY)'
AM_DEFAULT_VERBOSITY='1'
AM_V='$(V)'
AR='/home/michael/emsdk/upstream/emscripten/emar'
AUTOCONF='autoconf'
AUTOHEADER='autoheader'
AUTOMAKE='automake-1.15'
AWK='gawk'
CC='/home/michael/emsdk/upstream/emscripten/emcc'
CCDEPMODE='depmode=none'
CFLAGS='-L../jpeg-6b -L../libxml2-2.9.0/.libs -I../jpeg-6b -I../libxml2-2.9.0 -s USE_ZLIB=1 -s USE_LIBPNG=1'
CPP='/home/michael/emsdk/upstream/emscripten/emcc -E'
CPPFLAGS='-I/usr/local/include/libxml2 '
CYGPATH_W='echo'
DEFS='-DHAVE_CONFIG_H'
DEPDIR='.deps'
DLLTOOL='false'
DSYMUTIL=''
DUMPBIN=''
ECHO_C=''
ECHO_N='-n'
ECHO_T=''
EGREP='/bin/grep -E'
EXEEXT=''
FGREP='/bin/grep -F'
GREP='/bin/grep'
INSTALL_DATA='${INSTALL} -m 644'
INSTALL_PROGRAM='${INSTALL}'
INSTALL_SCRIPT='${INSTALL}'
INSTALL_STRIP_PROGRAM='$(install_sh) -c -s'
LD='/home/michael/emsdk/upstream/emscripten/emcc'
LDFLAGS=''
LIBOBJS=''
LIBS='-ljpeg -lpthread -lxml2 -lpng -lz '
LIBTOOL='$(SHELL) $(top_builddir)/libtool'
LIPO=''
LN_S='ln -s'
LTLIBOBJS=''
LT_SYS_LIBRARY_PATH=''
MAKEINFO='makeinfo'
MANIFEST_TOOL=':'
MKDIR_P='/bin/mkdir -p'
NM='/home/michael/emsdk/upstream/bin/llvm-nm'
NMEDIT=''
OBJDUMP='objdump'
OBJEXT='o'
OTOOL64=''
OTOOL=''
PACKAGE='flam3'
PACKAGE_BUGREPORT=''
PACKAGE_NAME=''
PACKAGE_STRING=''
PACKAGE_TARNAME=''
PACKAGE_URL=''
PACKAGE_VERSION=''
PATH_SEPARATOR=':'
RANLIB='/home/michael/emsdk/upstream/emscripten/emranlib'
SED='/bin/sed'
SET_MAKE=''
SHELL='/bin/bash'
STRIP='strip'
VERSION='3.1.1'
XML2_CONFIG='/usr/local/bin/xml2-config'
ac_ct_AR=''
ac_ct_CC='/home/michael/emsdk/upstream/emscripten/emcc'
ac_ct_DUMPBIN=''
am__EXEEXT_FALSE=''
am__EXEEXT_TRUE='#'
am__fastdepCC_FALSE=''
am__fastdepCC_TRUE='#'
am__include='include'
am__isrc=''
am__leading_dot='.'
am__nodep='_no'
am__quote=''
am__tar='$${TAR-tar} chof - "$$tardir"'
am__untar='$${TAR-tar} xf -'
bindir='${exec_prefix}/bin'
build='x86_64-unknown-linux-gnu'
build_alias=''
build_cpu='x86_64'
build_os='linux-gnu'
build_vendor='unknown'
datadir='${datarootdir}'
datarootdir='${prefix}/share'
docdir='${datarootdir}/doc/${PACKAGE}'
dvidir='${docdir}'
exec_prefix='${prefix}'
host='x86_64-unknown-linux-gnu'
host_alias=''
host_cpu='x86_64'
host_os='linux-gnu'
host_vendor='unknown'
htmldir='${docdir}'
includedir='${prefix}/include'
infodir='${datarootdir}/info'
install_sh='${SHELL} /home/michael/Developer/flam3/install-sh'
libdir='${exec_prefix}/lib'
libexecdir='${exec_prefix}/libexec'
localedir='${datarootdir}/locale'
localstatedir='${prefix}/var'
mandir='${datarootdir}/man'
mkdir_p='$(MKDIR_P)'
oldincludedir='/usr/include'
pdfdir='${docdir}'
prefix='/usr/local'
program_transform_name='s,x,x,'
psdir='${docdir}'
runstatedir='${localstatedir}/run'
sbindir='${exec_prefix}/sbin'
sharedstatedir='${prefix}/com'
sysconfdir='${prefix}/etc'
target_alias=''

## ----------- ##
## confdefs.h. ##
## ----------- ##

/* confdefs.h */
#define PACKAGE_NAME ""
#define PACKAGE_TARNAME ""
#define PACKAGE_VERSION ""
#define PACKAGE_STRING ""
#define PACKAGE_BUGREPORT ""
#define PACKAGE_URL ""
#define PACKAGE "flam3"
#define VERSION "3.1.1"
#define STDC_HEADERS 1
#define HAVE_SYS_TYPES_H 1
#define HAVE_SYS_STAT_H 1
#define HAVE_STDLIB_H 1
#define HAVE_STRING_H 1
#define HAVE_MEMORY_H 1
#define HAVE_STRINGS_H 1
#define HAVE_INTTYPES_H 1
#define HAVE_STDINT_H 1
#define HAVE_UNISTD_H 1
#define HAVE_DLFCN_H 1
#define LT_OBJDIR ".libs/"
#define STDC_HEADERS 1
#define TIME_WITH_SYS_TIME 1
#define HAVE_LIBZ 1
#define HAVE_LIBPNG 1
#define HAVE_LIBXML2 1
#define HAVE_GCC_ATOMIC_OPS 1
#define HAVE_GCC_64BIT_ATOMIC_OPS 1
#define HAVE_LIBPTHREAD 1
#define HAVE_LIBJPEG 1

configure: exit 0
